Using pre-set license
Built from '2021.3/staging' branch; Version is '2021.3.13f1 (9e7d58001ecf) revision 10386776'; Using compiler version '192829333'; Build Type 'Release'
OS: 'Windows 10  (10.0.19044) 64bit Professional' Language: 'fr' Physical Memory: 32487 MB
BatchMode: 1, IsHumanControllingUs: 0, StartBugReporterOnCrash: 0, Is64bit: 1, IsPro: 1

COMMAND LINE ARGUMENTS:
C:\Program Files\Unity\Hub\Editor\2021.3.13f1\Editor\Unity.exe
-adb2
-batchMode
-noUpm
-name
AssetImportWorker2
-projectPath
C:/Users/game2/Documents/hopla/MSN2/MSN
-logFile
Logs/AssetImportWorker2.log
-srvPort
51575
Successfully changed project path to: C:/Users/game2/Documents/hopla/MSN2/MSN
C:/Users/game2/Documents/hopla/MSN2/MSN
[UnityMemory] Configuration Parameters - Can be set up in boot.config
    "memorysetup-bucket-allocator-granularity=16"
    "memorysetup-bucket-allocator-bucket-count=8"
    "memorysetup-bucket-allocator-block-size=33554432"
    "memorysetup-bucket-allocator-block-count=8"
    "memorysetup-main-allocator-block-size=16777216"
    "memorysetup-thread-allocator-block-size=16777216"
    "memorysetup-gfx-main-allocator-block-size=16777216"
    "memorysetup-gfx-thread-allocator-block-size=16777216"
    "memorysetup-cache-allocator-block-size=4194304"
    "memorysetup-typetree-allocator-block-size=2097152"
    "memorysetup-profiler-bucket-allocator-granularity=16"
    "memorysetup-profiler-bucket-allocator-bucket-count=8"
    "memorysetup-profiler-bucket-allocator-block-size=33554432"
    "memorysetup-profiler-bucket-allocator-block-count=8"
    "memorysetup-profiler-allocator-block-size=16777216"
    "memorysetup-profiler-editor-allocator-block-size=1048576"
    "memorysetup-temp-allocator-size-main=16777216"
    "memorysetup-job-temp-allocator-block-size=2097152"
    "memorysetup-job-temp-allocator-block-size-background=1048576"
    "memorysetup-job-temp-allocator-reduction-small-platforms=262144"
    "memorysetup-temp-allocator-size-background-worker=32768"
    "memorysetup-temp-allocator-size-job-worker=262144"
    "memorysetup-temp-allocator-size-preload-manager=33554432"
    "memorysetup-temp-allocator-size-nav-mesh-worker=65536"
    "memorysetup-temp-allocator-size-audio-worker=65536"
    "memorysetup-temp-allocator-size-cloud-worker=32768"
    "memorysetup-temp-allocator-size-gi-baking-worker=262144"
    "memorysetup-temp-allocator-size-gfx=262144"
Refreshing native plugins compatible for Editor in 135.84 ms, found 3 plugins.
Preloading 0 native plugins for Editor in 0.00 ms.
Initialize engine version: 2021.3.13f1 (9e7d58001ecf)
[Subsystems] Discovering subsystems at path C:/Program Files/Unity/Hub/Editor/2021.3.13f1/Editor/Data/Resources/UnitySubsystems
[Subsystems] Discovering subsystems at path C:/Users/game2/Documents/hopla/MSN2/MSN/Assets
GfxDevice: creating device client; threaded=0; jobified=0
Direct3D:
    Version:  Direct3D 11.0 [level 11.1]
    Renderer: NVIDIA GeForce GTX 1070 (ID=0x1b81)
    Vendor:   NVIDIA
    VRAM:     8088 MB
    Driver:   30.0.15.1295
Initialize mono
Mono path[0] = 'C:/Program Files/Unity/Hub/Editor/2021.3.13f1/Editor/Data/Managed'
Mono path[1] = 'C:/Program Files/Unity/Hub/Editor/2021.3.13f1/Editor/Data/MonoBleedingEdge/lib/mono/unityjit-win32'
Mono config path = 'C:/Program Files/Unity/Hub/Editor/2021.3.13f1/Editor/Data/MonoBleedingEdge/etc'
Using monoOptions --debugger-agent=transport=dt_socket,embedding=1,server=y,suspend=n,address=127.0.0.1:56032
Begin MonoManager ReloadAssembly
Registering precompiled unity dll's ...
Register platform support module: C:/Program Files/Unity/Hub/Editor/2021.3.13f1/Editor/Data/PlaybackEngines/WindowsStandaloneSupport/UnityEditor.WindowsStandalone.Extensions.dll
Registered in 0.005166 seconds.
Native extension for WindowsStandalone target not found
Refreshing native plugins compatible for Editor in 179.22 ms, found 3 plugins.
Preloading 0 native plugins for Editor in 0.00 ms.
Mono: successfully reloaded assembly
- Completed reload, in  0.923 seconds
Domain Reload Profiling:
	ReloadAssembly (923ms)
		BeginReloadAssembly (121ms)
			ExecutionOrderSort (0ms)
			DisableScriptedObjects (0ms)
			BackupInstance (0ms)
			ReleaseScriptingObjects (0ms)
			CreateAndSetChildDomain (2ms)
		EndReloadAssembly (666ms)
			LoadAssemblies (116ms)
			RebuildTransferFunctionScriptingTraits (0ms)
			SetupTypeCache (128ms)
			ReleaseScriptCaches (0ms)
			RebuildScriptCaches (43ms)
			SetupLoadedEditorAssemblies (391ms)
				LogAssemblyErrors (0ms)
				InitializePlatformSupportModulesInManaged (9ms)
				SetLoadedEditorAssemblies (0ms)
				RefreshPlugins (179ms)
				BeforeProcessingInitializeOnLoad (1ms)
				ProcessInitializeOnLoadAttributes (155ms)
				ProcessInitializeOnLoadMethodAttributes (46ms)
				AfterProcessingInitializeOnLoad (0ms)
				EditorAssembliesLoaded (0ms)
			ExecutionOrderSort2 (0ms)
			AwakeInstancesAfterBackupRestoration (0ms)
Platform modules already initialized, skipping
Registering precompiled user dll's ...
Registered in 0.005225 seconds.
Begin MonoManager ReloadAssembly
Symbol file LoadedFromMemory doesn't match image C:\Users\game2\Documents\hopla\MSN2\MSN\Library\PackageCache\com.unity.visualscripting@1.7.8\Editor\VisualScripting.Core\Dependencies\YamlDotNet\Unity.VisualScripting.YamlDotNet.dll
Symbol file LoadedFromMemory doesn't match image C:\Users\game2\Documents\hopla\MSN2\MSN\Library\PackageCache\com.unity.visualscripting@1.7.8\Editor\VisualScripting.Core\Dependencies\DotNetZip\Unity.VisualScripting.IonicZip.dll
Native extension for WindowsStandalone target not found
Refreshing native plugins compatible for Editor in 163.71 ms, found 3 plugins.
Preloading 0 native plugins for Editor in 0.00 ms.
Mono: successfully reloaded assembly
- Completed reload, in  1.946 seconds
Domain Reload Profiling:
	ReloadAssembly (1948ms)
		BeginReloadAssembly (201ms)
			ExecutionOrderSort (0ms)
			DisableScriptedObjects (6ms)
			BackupInstance (0ms)
			ReleaseScriptingObjects (0ms)
			CreateAndSetChildDomain (43ms)
		EndReloadAssembly (1603ms)
			LoadAssemblies (155ms)
			RebuildTransferFunctionScriptingTraits (0ms)
			SetupTypeCache (352ms)
			ReleaseScriptCaches (1ms)
			RebuildScriptCaches (86ms)
			SetupLoadedEditorAssemblies (1015ms)
				LogAssemblyErrors (0ms)
				InitializePlatformSupportModulesInManaged (4ms)
				SetLoadedEditorAssemblies (0ms)
				RefreshPlugins (164ms)
				BeforeProcessingInitializeOnLoad (177ms)
				ProcessInitializeOnLoadAttributes (578ms)
				ProcessInitializeOnLoadMethodAttributes (86ms)
				AfterProcessingInitializeOnLoad (6ms)
				EditorAssembliesLoaded (0ms)
			ExecutionOrderSort2 (0ms)
			AwakeInstancesAfterBackupRestoration (6ms)
Platform modules already initialized, skipping
========================================================================
Worker process is ready to serve import requests
Launched and connected shader compiler UnityShaderCompiler.exe after 0.09 seconds
Refreshing native plugins compatible for Editor in 1.79 ms, found 3 plugins.
Preloading 0 native plugins for Editor in 0.00 ms.
Unloading 5169 Unused Serialized files (Serialized files now loaded: 0)
Unloading 45 unused Assets / (1.6 MB). Loaded Objects now: 5616.
Memory consumption went from 188.1 MB to 186.5 MB.
Total: 10.673200 ms (FindLiveObjects: 0.902800 ms CreateObjectMapping: 0.998900 ms MarkObjects: 8.014000 ms  DeleteObjects: 0.755100 ms)

AssetImportParameters requested are different than current active one (requested -> active):
  custom:video-decoder-ogg-theora: a1e56fd34408186e4bbccfd4996cb3dc -> 
  custom:container-muxer-webm: aa71ff27fc2769a1b78a27578f13a17b -> 
  custom:container-demuxer-webm: 4f35f7cbe854078d1ac9338744f61a02 -> 
  custom:video-encoder-webm-vp8: eb34c28f22e8b96e1ab97ce403110664 -> 
  custom:audio-encoder-webm-vorbis: bf7c407c2cedff20999df2af8eb42d56 -> 
  custom:framework-win-MediaFoundation: 216162199b28c13a410421893ffa2e32 -> 
  custom:container-demuxer-ogg: 62fdf1f143b41e24485cea50d1cbac27 -> 
  custom:video-decoder-webm-vp8: 9c59270c3fd7afecdb556c50c9e8de78 -> 
  custom:audio-decoder-ogg-vorbis: bf7c407c2cedff20999df2af8eb42d56 -> 
========================================================================
Received Import Request.
  Time since last request: 57447.817959 seconds.
  path: Assets/Materials 1/M_Eponge.mat
  artifactKey: Guid(6665e07e8204f944d8fd6fd1ca65e4b2) Importer(815301076,1909f56bfc062723c751e8b465ee728b)
Start importing Assets/Materials 1/M_Eponge.mat using Guid(6665e07e8204f944d8fd6fd1ca65e4b2) Importer(815301076,1909f56bfc062723c751e8b465ee728b)  -> (artifact id: 'e354cfeabc7219b27c14d86c20c3e803') in 0.155702 seconds 
========================================================================
Received Import Request.
  Time since last request: 19.433832 seconds.
  path: Assets/Materials 1/NormalMap (3).png
  artifactKey: Guid(c23914d906759c146ad9ce30a786aed2) Importer(815301076,1909f56bfc062723c751e8b465ee728b)
Start importing Assets/Materials 1/NormalMap (3).png using Guid(c23914d906759c146ad9ce30a786aed2) Importer(815301076,1909f56bfc062723c751e8b465ee728b)  -> (artifact id: 'bcca0eb2f6cee09a501581a0d364f102') in 0.073652 seconds 
========================================================================
Received Import Request.
  Time since last request: 9.952199 seconds.
  path: Assets/Materials 1/NM_Eponge.png
  artifactKey: Guid(c23914d906759c146ad9ce30a786aed2) Importer(815301076,1909f56bfc062723c751e8b465ee728b)
Start importing Assets/Materials 1/NM_Eponge.png using Guid(c23914d906759c146ad9ce30a786aed2) Importer(815301076,1909f56bfc062723c751e8b465ee728b)  -> (artifact id: '353f106fc0b2a61f324e1f173cdd168d') in 0.012520 seconds 
========================================================================
Received Import Request.
  Time since last request: 4.387276 seconds.
  path: Assets/Materials 1/NormalMap (2).png
  artifactKey: Guid(045943c99196e2a478c7b64275f0df0c) Importer(815301076,1909f56bfc062723c751e8b465ee728b)
Start importing Assets/Materials 1/NormalMap (2).png using Guid(045943c99196e2a478c7b64275f0df0c) Importer(815301076,1909f56bfc062723c751e8b465ee728b)  -> (artifact id: '4dcf957fbd1df7d96dee2b2289096b9b') in 0.012619 seconds 
========================================================================
Received Import Request.
  Time since last request: 11.452590 seconds.
  path: Assets/Materials 1/NM_Mousse.png
  artifactKey: Guid(045943c99196e2a478c7b64275f0df0c) Importer(815301076,1909f56bfc062723c751e8b465ee728b)
Start importing Assets/Materials 1/NM_Mousse.png using Guid(045943c99196e2a478c7b64275f0df0c) Importer(815301076,1909f56bfc062723c751e8b465ee728b)  -> (artifact id: '5554b40f4d7cef4084ae7ac77eec8d43') in 0.011938 seconds 
========================================================================
Received Import Request.
  Time since last request: 16.088306 seconds.
  path: Assets/Materials 1/M_Mousse.mat
  artifactKey: Guid(6665e07e8204f944d8fd6fd1ca65e4b2) Importer(815301076,1909f56bfc062723c751e8b465ee728b)
Start importing Assets/Materials 1/M_Mousse.mat using Guid(6665e07e8204f944d8fd6fd1ca65e4b2) Importer(815301076,1909f56bfc062723c751e8b465ee728b)  -> (artifact id: '7bcdffc8bad30db1fc53df13ec71741c') in 0.015237 seconds 
========================================================================
Received Import Request.
  Time since last request: 142.288726 seconds.
  path: Assets/Materials 1/NormalMap (4).png
  artifactKey: Guid(6674597249834d244aa9db042c7f2be3) Importer(815301076,1909f56bfc062723c751e8b465ee728b)
Start importing Assets/Materials 1/NormalMap (4).png using Guid(6674597249834d244aa9db042c7f2be3) Importer(815301076,1909f56bfc062723c751e8b465ee728b)  -> (artifact id: 'c38c920c41db18b8d0de8d14512bef8a') in 0.013477 seconds 
========================================================================
Received Import Request.
  Time since last request: 10.352638 seconds.
  path: Assets/Materials 1/NM_Corail.png
  artifactKey: Guid(6674597249834d244aa9db042c7f2be3) Importer(815301076,1909f56bfc062723c751e8b465ee728b)
Start importing Assets/Materials 1/NM_Corail.png using Guid(6674597249834d244aa9db042c7f2be3) Importer(815301076,1909f56bfc062723c751e8b465ee728b)  -> (artifact id: 'c35eeece1d9c5b370c1bdff48e997cab') in 0.012743 seconds 
========================================================================
Received Import Request.
  Time since last request: 12.602316 seconds.
  path: Assets/Materials 1/M_Corail.mat
  artifactKey: Guid(5953d76f5caf5c54ab9208a7ed0547db) Importer(815301076,1909f56bfc062723c751e8b465ee728b)
Start importing Assets/Materials 1/M_Corail.mat using Guid(5953d76f5caf5c54ab9208a7ed0547db) Importer(815301076,1909f56bfc062723c751e8b465ee728b)  -> (artifact id: '1b7e068fe8be5097580c4369e68a58ab') in 0.014715 seconds 
========================================================================
Received Import Request.
  Time since last request: 877.876861 seconds.
  path: Assets/Materials 1/M_eponge.mat
  artifactKey: Guid(a7a2f6d498d7c904e8c30aed19b9d1bb) Importer(815301076,1909f56bfc062723c751e8b465ee728b)
Start importing Assets/Materials 1/M_eponge.mat using Guid(a7a2f6d498d7c904e8c30aed19b9d1bb) Importer(815301076,1909f56bfc062723c751e8b465ee728b)  -> (artifact id: 'a63337cfe4e730304bd705182d3754c8') in 0.021304 seconds 
========================================================================
Received Import Request.
  Time since last request: 750.395960 seconds.
  path: Assets/Materials 1/NormalMap (5).png
  artifactKey: Guid(78511d14b1e93a740bba0c214c421c8e) Importer(815301076,1909f56bfc062723c751e8b465ee728b)
Start importing Assets/Materials 1/NormalMap (5).png using Guid(78511d14b1e93a740bba0c214c421c8e) Importer(815301076,1909f56bfc062723c751e8b465ee728b)  -> (artifact id: '26db1cf4ce768509e15e763ef457c117') in 0.015590 seconds 
========================================================================
Received Import Request.
  Time since last request: 15.020423 seconds.
  path: Assets/Materials 1/NM_Coquillage.png
  artifactKey: Guid(78511d14b1e93a740bba0c214c421c8e) Importer(815301076,1909f56bfc062723c751e8b465ee728b)
Start importing Assets/Materials 1/NM_Coquillage.png using Guid(78511d14b1e93a740bba0c214c421c8e) Importer(815301076,1909f56bfc062723c751e8b465ee728b)  -> (artifact id: '66b829f8d12d0de60168f96ed6d2e582') in 0.019279 seconds 
========================================================================
Received Import Request.
  Time since last request: 22.211726 seconds.
  path: Assets/Materials 1/M_coquillage.mat
  artifactKey: Guid(70979e9aa8f34c04fa55fc051c00bd86) Importer(815301076,1909f56bfc062723c751e8b465ee728b)
Start importing Assets/Materials 1/M_coquillage.mat using Guid(70979e9aa8f34c04fa55fc051c00bd86) Importer(815301076,1909f56bfc062723c751e8b465ee728b)  -> (artifact id: 'bb8da15890cb0365b0e76e5d83719ca3') in 0.011052 seconds 
========================================================================
Received Import Request.
  Time since last request: 17.014947 seconds.
  path: Assets/3D
  artifactKey: Guid(4e0a8ebb94d4f9148adcba21418037db) Importer(815301076,1909f56bfc062723c751e8b465ee728b)
Start importing Assets/3D using Guid(4e0a8ebb94d4f9148adcba21418037db) Importer(815301076,1909f56bfc062723c751e8b465ee728b)  -> (artifact id: 'b125f105fbf06eece1bf3963a990b34f') in 0.003598 seconds 
========================================================================
Received Import Request.
  Time since last request: 0.062555 seconds.
  path: Assets/3D/Abbot_creature.fbx
  artifactKey: Guid(32ceed8aa79d59743b18a08dd834d4e1) Importer(815301076,1909f56bfc062723c751e8b465ee728b)
Start importing Assets/3D/Abbot_creature.fbx using Guid(32ceed8aa79d59743b18a08dd834d4e1) Importer(815301076,1909f56bfc062723c751e8b465ee728b)  -> (artifact id: '5d5380b5e3c77b9e966962a7e037ef79') in 0.085147 seconds 
========================================================================
Received Import Request.
  Time since last request: 0.000036 seconds.
  path: Assets/3D/Bacterie_2.fbx
  artifactKey: Guid(ba760e64d3084dd49817359035c14cc0) Importer(815301076,1909f56bfc062723c751e8b465ee728b)
Start importing Assets/3D/Bacterie_2.fbx using Guid(ba760e64d3084dd49817359035c14cc0) Importer(815301076,1909f56bfc062723c751e8b465ee728b)  -> (artifact id: 'edeec85bf047da8cbef6a699d176e9c4') in 0.019894 seconds 
========================================================================
Received Import Request.
  Time since last request: 0.000034 seconds.
  path: Assets/3D/cristal_4.fbx
  artifactKey: Guid(67a0b93220757ca4cbe211e0766b2d45) Importer(815301076,1909f56bfc062723c751e8b465ee728b)
Start importing Assets/3D/cristal_4.fbx using Guid(67a0b93220757ca4cbe211e0766b2d45) Importer(815301076,1909f56bfc062723c751e8b465ee728b)  -> (artifact id: '77716e38d85f6a2218034412f29f86e5') in 0.017777 seconds 
========================================================================
Received Import Request.
  Time since last request: 0.000027 seconds.
  path: Assets/3D/Algues_6.fbx
  artifactKey: Guid(0e10f7952dcde5a4493421254f063207) Importer(815301076,1909f56bfc062723c751e8b465ee728b)
Start importing Assets/3D/Algues_6.fbx using Guid(0e10f7952dcde5a4493421254f063207) Importer(815301076,1909f56bfc062723c751e8b465ee728b)  -> (artifact id: 'f35f483f393c5ba5b1b7b2691351e67e') in 0.015778 seconds 
========================================================================
Received Import Request.
  Time since last request: 0.000037 seconds.
  path: Assets/3D/Tardigrade.fbx
  artifactKey: Guid(839810f012477d34f9ba7832236f19a1) Importer(815301076,1909f56bfc062723c751e8b465ee728b)
Start importing Assets/3D/Tardigrade.fbx using Guid(839810f012477d34f9ba7832236f19a1) Importer(815301076,1909f56bfc062723c751e8b465ee728b)  -> (artifact id: 'b3d6a0231623e6d112a3f5c3432e13c0') in 0.022474 seconds 
========================================================================
Received Import Request.
  Time since last request: 0.000024 seconds.
  path: Assets/3D/Bacterie.fbx
  artifactKey: Guid(41cfa78c5b9281143970776d8f77e2e4) Importer(815301076,1909f56bfc062723c751e8b465ee728b)
Start importing Assets/3D/Bacterie.fbx using Guid(41cfa78c5b9281143970776d8f77e2e4) Importer(815301076,1909f56bfc062723c751e8b465ee728b)  -> (artifact id: 'edcede7c7a5a20e4165b280004d84e0b') in 0.018097 seconds 
========================================================================
Received Import Request.
  Time since last request: 0.000034 seconds.
  path: Assets/3D/bacteriaFinalV9.fbx
  artifactKey: Guid(d4cddaba5ebd9d140b1e8ccd2978d4c6) Importer(815301076,1909f56bfc062723c751e8b465ee728b)
Start importing Assets/3D/bacteriaFinalV9.fbx using Guid(d4cddaba5ebd9d140b1e8ccd2978d4c6) Importer(815301076,1909f56bfc062723c751e8b465ee728b)  -> (artifact id: '53ca8ae4360a145673911aeac9175aaf') in 0.015742 seconds 
========================================================================
Received Import Request.
  Time since last request: 0.000026 seconds.
  path: Assets/3D/map_projet_exploration.fbx
  artifactKey: Guid(d64cf0621fa19434db5588cfbab7432f) Importer(815301076,1909f56bfc062723c751e8b465ee728b)
Start importing Assets/3D/map_projet_exploration.fbx using Guid(d64cf0621fa19434db5588cfbab7432f) Importer(815301076,1909f56bfc062723c751e8b465ee728b)  -> (artifact id: '41e70ed113e7d0ef040e6adab978972a') in 0.018820 seconds 
========================================================================
Received Import Request.
  Time since last request: 0.000036 seconds.
  path: Assets/3D/Map_Ruine.fbx
  artifactKey: Guid(7a3df5dfca5d9a84991da29800135eda) Importer(815301076,1909f56bfc062723c751e8b465ee728b)
Start importing Assets/3D/Map_Ruine.fbx using Guid(7a3df5dfca5d9a84991da29800135eda) Importer(815301076,1909f56bfc062723c751e8b465ee728b)  -> (artifact id: 'bd060b905062fd368d3471f1781117fa') in 0.193500 seconds 
========================================================================
Received Import Request.
  Time since last request: 0.000039 seconds.
  path: Assets/3D/cristal_1.fbx
  artifactKey: Guid(8a4e9c435cbfb834aabe855348e0a68a) Importer(815301076,1909f56bfc062723c751e8b465ee728b)
Start importing Assets/3D/cristal_1.fbx using Guid(8a4e9c435cbfb834aabe855348e0a68a) Importer(815301076,1909f56bfc062723c751e8b465ee728b)  -> (artifact id: '50a9920a11df5296f2096371dcf2bef1') in 0.017986 seconds 
========================================================================
Received Import Request.
  Time since last request: 0.000044 seconds.
  path: Assets/3D/Squelette_geant_1.fbx
  artifactKey: Guid(f0976ba4526d7d44ca18c741cf45cfd0) Importer(815301076,1909f56bfc062723c751e8b465ee728b)
Start importing Assets/3D/Squelette_geant_1.fbx using Guid(f0976ba4526d7d44ca18c741cf45cfd0) Importer(815301076,1909f56bfc062723c751e8b465ee728b)  -> (artifact id: '724a753e125ae927412561bd60720c34') in 0.017850 seconds 
========================================================================
Received Import Request.
  Time since last request: 0.000035 seconds.
  path: Assets/3D/Tablette_HD.fbx
  artifactKey: Guid(a4dc5a108cc4d4540b74731ecce831f5) Importer(815301076,1909f56bfc062723c751e8b465ee728b)
Start importing Assets/3D/Tablette_HD.fbx using Guid(a4dc5a108cc4d4540b74731ecce831f5) Importer(815301076,1909f56bfc062723c751e8b465ee728b)  -> (artifact id: '8f7783bac59b0646ea32eac3d0357279') in 0.019127 seconds 
========================================================================
Received Import Request.
  Time since last request: 0.000026 seconds.
  path: Assets/3D/Algues_3.fbx
  artifactKey: Guid(6082479aa7621d840b7b2c695a4ac76f) Importer(815301076,1909f56bfc062723c751e8b465ee728b)
Start importing Assets/3D/Algues_3.fbx using Guid(6082479aa7621d840b7b2c695a4ac76f) Importer(815301076,1909f56bfc062723c751e8b465ee728b)  -> (artifact id: 'b30adf9274c7a3f00727bab548334cad') in 0.022444 seconds 
Editor requested this worker to shutdown with reason: Scaling down because of idle timeout
AssetImportWorker is now disconnected from the server
Process exiting
Exiting without the bug reporter. Application will terminate with return code 0