Using pre-set license
Built from '2021.3/staging' branch; Version is '2021.3.13f1 (9e7d58001ecf) revision 10386776'; Using compiler version '192829333'; Build Type 'Release'
OS: 'Windows 10  (10.0.19044) 64bit Professional' Language: 'fr' Physical Memory: 32487 MB
BatchMode: 1, IsHumanControllingUs: 0, StartBugReporterOnCrash: 0, Is64bit: 1, IsPro: 1

COMMAND LINE ARGUMENTS:
C:\Program Files\Unity\Hub\Editor\2021.3.13f1\Editor\Unity.exe
-adb2
-batchMode
-noUpm
-name
AssetImportWorker4
-projectPath
C:/Users/game2/Documents/hopla/MSN2/MSN
-logFile
Logs/AssetImportWorker4.log
-srvPort
51575
Successfully changed project path to: C:/Users/game2/Documents/hopla/MSN2/MSN
C:/Users/game2/Documents/hopla/MSN2/MSN
[UnityMemory] Configuration Parameters - Can be set up in boot.config
    "memorysetup-bucket-allocator-granularity=16"
    "memorysetup-bucket-allocator-bucket-count=8"
    "memorysetup-bucket-allocator-block-size=33554432"
    "memorysetup-bucket-allocator-block-count=8"
    "memorysetup-main-allocator-block-size=16777216"
    "memorysetup-thread-allocator-block-size=16777216"
    "memorysetup-gfx-main-allocator-block-size=16777216"
    "memorysetup-gfx-thread-allocator-block-size=16777216"
    "memorysetup-cache-allocator-block-size=4194304"
    "memorysetup-typetree-allocator-block-size=2097152"
    "memorysetup-profiler-bucket-allocator-granularity=16"
    "memorysetup-profiler-bucket-allocator-bucket-count=8"
    "memorysetup-profiler-bucket-allocator-block-size=33554432"
    "memorysetup-profiler-bucket-allocator-block-count=8"
    "memorysetup-profiler-allocator-block-size=16777216"
    "memorysetup-profiler-editor-allocator-block-size=1048576"
    "memorysetup-temp-allocator-size-main=16777216"
    "memorysetup-job-temp-allocator-block-size=2097152"
    "memorysetup-job-temp-allocator-block-size-background=1048576"
    "memorysetup-job-temp-allocator-reduction-small-platforms=262144"
    "memorysetup-temp-allocator-size-background-worker=32768"
    "memorysetup-temp-allocator-size-job-worker=262144"
    "memorysetup-temp-allocator-size-preload-manager=33554432"
    "memorysetup-temp-allocator-size-nav-mesh-worker=65536"
    "memorysetup-temp-allocator-size-audio-worker=65536"
    "memorysetup-temp-allocator-size-cloud-worker=32768"
    "memorysetup-temp-allocator-size-gi-baking-worker=262144"
    "memorysetup-temp-allocator-size-gfx=262144"
Refreshing native plugins compatible for Editor in 163.91 ms, found 3 plugins.
Preloading 0 native plugins for Editor in 0.00 ms.
Initialize engine version: 2021.3.13f1 (9e7d58001ecf)
[Subsystems] Discovering subsystems at path C:/Program Files/Unity/Hub/Editor/2021.3.13f1/Editor/Data/Resources/UnitySubsystems
[Subsystems] Discovering subsystems at path C:/Users/game2/Documents/hopla/MSN2/MSN/Assets
GfxDevice: creating device client; threaded=0; jobified=0
Direct3D:
    Version:  Direct3D 11.0 [level 11.1]
    Renderer: NVIDIA GeForce GTX 1070 (ID=0x1b81)
    Vendor:   NVIDIA
    VRAM:     8088 MB
    Driver:   30.0.15.1295
Initialize mono
Mono path[0] = 'C:/Program Files/Unity/Hub/Editor/2021.3.13f1/Editor/Data/Managed'
Mono path[1] = 'C:/Program Files/Unity/Hub/Editor/2021.3.13f1/Editor/Data/MonoBleedingEdge/lib/mono/unityjit-win32'
Mono config path = 'C:/Program Files/Unity/Hub/Editor/2021.3.13f1/Editor/Data/MonoBleedingEdge/etc'
Using monoOptions --debugger-agent=transport=dt_socket,embedding=1,server=y,suspend=n,address=127.0.0.1:56796
Begin MonoManager ReloadAssembly
Registering precompiled unity dll's ...
Register platform support module: C:/Program Files/Unity/Hub/Editor/2021.3.13f1/Editor/Data/PlaybackEngines/WindowsStandaloneSupport/UnityEditor.WindowsStandalone.Extensions.dll
Registered in 0.005589 seconds.
Native extension for WindowsStandalone target not found
Refreshing native plugins compatible for Editor in 122.96 ms, found 3 plugins.
Preloading 0 native plugins for Editor in 0.00 ms.
Mono: successfully reloaded assembly
- Completed reload, in  0.758 seconds
Domain Reload Profiling:
	ReloadAssembly (759ms)
		BeginReloadAssembly (80ms)
			ExecutionOrderSort (0ms)
			DisableScriptedObjects (0ms)
			BackupInstance (0ms)
			ReleaseScriptingObjects (0ms)
			CreateAndSetChildDomain (1ms)
		EndReloadAssembly (558ms)
			LoadAssemblies (78ms)
			RebuildTransferFunctionScriptingTraits (0ms)
			SetupTypeCache (124ms)
			ReleaseScriptCaches (0ms)
			RebuildScriptCaches (29ms)
			SetupLoadedEditorAssemblies (350ms)
				LogAssemblyErrors (0ms)
				InitializePlatformSupportModulesInManaged (7ms)
				SetLoadedEditorAssemblies (0ms)
				RefreshPlugins (123ms)
				BeforeProcessingInitializeOnLoad (1ms)
				ProcessInitializeOnLoadAttributes (169ms)
				ProcessInitializeOnLoadMethodAttributes (49ms)
				AfterProcessingInitializeOnLoad (0ms)
				EditorAssembliesLoaded (0ms)
			ExecutionOrderSort2 (0ms)
			AwakeInstancesAfterBackupRestoration (0ms)
Platform modules already initialized, skipping
Registering precompiled user dll's ...
Registered in 0.006723 seconds.
Begin MonoManager ReloadAssembly
Symbol file LoadedFromMemory doesn't match image C:\Users\game2\Documents\hopla\MSN2\MSN\Library\PackageCache\com.unity.visualscripting@1.7.8\Editor\VisualScripting.Core\Dependencies\YamlDotNet\Unity.VisualScripting.YamlDotNet.dll
Symbol file LoadedFromMemory doesn't match image C:\Users\game2\Documents\hopla\MSN2\MSN\Library\PackageCache\com.unity.visualscripting@1.7.8\Editor\VisualScripting.Core\Dependencies\DotNetZip\Unity.VisualScripting.IonicZip.dll
Native extension for WindowsStandalone target not found
Refreshing native plugins compatible for Editor in 142.22 ms, found 3 plugins.
Preloading 0 native plugins for Editor in 0.00 ms.
Mono: successfully reloaded assembly
- Completed reload, in  1.603 seconds
Domain Reload Profiling:
	ReloadAssembly (1604ms)
		BeginReloadAssembly (126ms)
			ExecutionOrderSort (0ms)
			DisableScriptedObjects (6ms)
			BackupInstance (0ms)
			ReleaseScriptingObjects (0ms)
			CreateAndSetChildDomain (24ms)
		EndReloadAssembly (1347ms)
			LoadAssemblies (105ms)
			RebuildTransferFunctionScriptingTraits (0ms)
			SetupTypeCache (362ms)
			ReleaseScriptCaches (1ms)
			RebuildScriptCaches (67ms)
			SetupLoadedEditorAssemblies (764ms)
				LogAssemblyErrors (0ms)
				InitializePlatformSupportModulesInManaged (4ms)
				SetLoadedEditorAssemblies (0ms)
				RefreshPlugins (142ms)
				BeforeProcessingInitializeOnLoad (154ms)
				ProcessInitializeOnLoadAttributes (369ms)
				ProcessInitializeOnLoadMethodAttributes (87ms)
				AfterProcessingInitializeOnLoad (7ms)
				EditorAssembliesLoaded (0ms)
			ExecutionOrderSort2 (0ms)
			AwakeInstancesAfterBackupRestoration (8ms)
Platform modules already initialized, skipping
========================================================================
Worker process is ready to serve import requests
Launched and connected shader compiler UnityShaderCompiler.exe after 0.05 seconds
Refreshing native plugins compatible for Editor in 1.67 ms, found 3 plugins.
Preloading 0 native plugins for Editor in 0.00 ms.
Unloading 5169 Unused Serialized files (Serialized files now loaded: 0)
Unloading 45 unused Assets / (1.6 MB). Loaded Objects now: 5616.
Memory consumption went from 188.1 MB to 186.5 MB.
Total: 5.633700 ms (FindLiveObjects: 0.667600 ms CreateObjectMapping: 0.688500 ms MarkObjects: 3.696300 ms  DeleteObjects: 0.579800 ms)

AssetImportParameters requested are different than current active one (requested -> active):
  custom:video-decoder-ogg-theora: a1e56fd34408186e4bbccfd4996cb3dc -> 
  custom:container-muxer-webm: aa71ff27fc2769a1b78a27578f13a17b -> 
  custom:container-demuxer-webm: 4f35f7cbe854078d1ac9338744f61a02 -> 
  custom:video-encoder-webm-vp8: eb34c28f22e8b96e1ab97ce403110664 -> 
  custom:audio-encoder-webm-vorbis: bf7c407c2cedff20999df2af8eb42d56 -> 
  custom:framework-win-MediaFoundation: 216162199b28c13a410421893ffa2e32 -> 
  custom:container-demuxer-ogg: 62fdf1f143b41e24485cea50d1cbac27 -> 
  custom:video-decoder-webm-vp8: 9c59270c3fd7afecdb556c50c9e8de78 -> 
  custom:audio-decoder-ogg-vorbis: bf7c407c2cedff20999df2af8eb42d56 -> 
========================================================================
Received Import Request.
  Time since last request: 59396.964894 seconds.
  path: Assets/Textures
  artifactKey: Guid(6d0cf69f1f7d3994381665eb8bbbe587) Importer(815301076,1909f56bfc062723c751e8b465ee728b)
Start importing Assets/Textures using Guid(6d0cf69f1f7d3994381665eb8bbbe587) Importer(815301076,1909f56bfc062723c751e8b465ee728b)  -> (artifact id: '55d8af790df7e22c19b3824e0f625764') in 0.016149 seconds 
========================================================================
Received Import Request.
  Time since last request: 0.023820 seconds.
  path: Assets/Textures/textureVirusFinalV14.png
  artifactKey: Guid(df8877f9c6087e64380f2170a6bbb90d) Importer(815301076,1909f56bfc062723c751e8b465ee728b)
Start importing Assets/Textures/textureVirusFinalV14.png using Guid(df8877f9c6087e64380f2170a6bbb90d) Importer(815301076,1909f56bfc062723c751e8b465ee728b)  -> (artifact id: 'bddcb347b82af2cd15bcac75bdb3878e') in 0.111087 seconds 
========================================================================
Received Import Request.
  Time since last request: 369.700426 seconds.
  path: Assets/Materials 1/M_coquillage.mat
  artifactKey: Guid(70979e9aa8f34c04fa55fc051c00bd86) Importer(815301076,1909f56bfc062723c751e8b465ee728b)
Start importing Assets/Materials 1/M_coquillage.mat using Guid(70979e9aa8f34c04fa55fc051c00bd86) Importer(815301076,1909f56bfc062723c751e8b465ee728b)  -> (artifact id: 'c0eb7779731d0adf86a4ce9566b850a9') in 0.080311 seconds 
========================================================================
Received Import Request.
  Time since last request: 0.000033 seconds.
  path: Assets/Materials 1/M_eponge.mat
  artifactKey: Guid(a7a2f6d498d7c904e8c30aed19b9d1bb) Importer(815301076,1909f56bfc062723c751e8b465ee728b)
Start importing Assets/Materials 1/M_eponge.mat using Guid(a7a2f6d498d7c904e8c30aed19b9d1bb) Importer(815301076,1909f56bfc062723c751e8b465ee728b)  -> (artifact id: '1b6b46d418996d440d1185a2ee051747') in 0.010627 seconds 
========================================================================
Received Import Request.
  Time since last request: 0.000040 seconds.
  path: Assets/Materials 1/M_Mousse.mat
  artifactKey: Guid(6665e07e8204f944d8fd6fd1ca65e4b2) Importer(815301076,1909f56bfc062723c751e8b465ee728b)
Start importing Assets/Materials 1/M_Mousse.mat using Guid(6665e07e8204f944d8fd6fd1ca65e4b2) Importer(815301076,1909f56bfc062723c751e8b465ee728b)  -> (artifact id: 'dfe32bde5e98b9376d309e7211339704') in 0.012500 seconds 
========================================================================
Received Import Request.
  Time since last request: 1.837383 seconds.
  path: Assets/Materials 1/M_coquillage.mat
  artifactKey: Guid(70979e9aa8f34c04fa55fc051c00bd86) Importer(815301076,1909f56bfc062723c751e8b465ee728b)
Start importing Assets/Materials 1/M_coquillage.mat using Guid(70979e9aa8f34c04fa55fc051c00bd86) Importer(815301076,1909f56bfc062723c751e8b465ee728b)  -> (artifact id: '26451cd0fd37f985101118ab2ab7c176') in 0.016878 seconds 
========================================================================
Received Import Request.
  Time since last request: 0.000031 seconds.
  path: Assets/Materials 1/NM_Eponge.png
  artifactKey: Guid(c23914d906759c146ad9ce30a786aed2) Importer(815301076,1909f56bfc062723c751e8b465ee728b)
Start importing Assets/Materials 1/NM_Eponge.png using Guid(c23914d906759c146ad9ce30a786aed2) Importer(815301076,1909f56bfc062723c751e8b465ee728b)  -> (artifact id: '31a3fe94ba941065e4043984e3b785a1') in 0.019658 seconds 
========================================================================
Received Import Request.
  Time since last request: 0.000032 seconds.
  path: Assets/Materials 1/NM_Coquillage.png
  artifactKey: Guid(78511d14b1e93a740bba0c214c421c8e) Importer(815301076,1909f56bfc062723c751e8b465ee728b)
Start importing Assets/Materials 1/NM_Coquillage.png using Guid(78511d14b1e93a740bba0c214c421c8e) Importer(815301076,1909f56bfc062723c751e8b465ee728b)  -> (artifact id: 'f2fafd2f79bdf2697327dae8a99d0bdb') in 0.013526 seconds 
========================================================================
Received Import Request.
  Time since last request: 0.000030 seconds.
  path: Assets/Materials 1/NM_Mousse.png
  artifactKey: Guid(045943c99196e2a478c7b64275f0df0c) Importer(815301076,1909f56bfc062723c751e8b465ee728b)
Start importing Assets/Materials 1/NM_Mousse.png using Guid(045943c99196e2a478c7b64275f0df0c) Importer(815301076,1909f56bfc062723c751e8b465ee728b)  -> (artifact id: '36cf14cee51be3690b835de5e8654dea') in 0.013258 seconds 
========================================================================
Received Import Request.
  Time since last request: 0.000036 seconds.
  path: Assets/Materials 1/M_Mousse.mat
  artifactKey: Guid(6665e07e8204f944d8fd6fd1ca65e4b2) Importer(815301076,1909f56bfc062723c751e8b465ee728b)
Start importing Assets/Materials 1/M_Mousse.mat using Guid(6665e07e8204f944d8fd6fd1ca65e4b2) Importer(815301076,1909f56bfc062723c751e8b465ee728b)  -> (artifact id: '724487b8fa2c5d4d82c7d1d5b80c875e') in 0.013217 seconds 
Editor requested this worker to shutdown with reason: Scaling down because of idle timeout
AssetImportWorker is now disconnected from the server
Process exiting
Exiting without the bug reporter. Application will terminate with return code 0