Using pre-set license
Built from '2021.3/staging' branch; Version is '2021.3.11f1 (0a5ca18544bf) revision 679073'; Using compiler version '192829333'; Build Type 'Release'
OS: 'Windows 10  (10.0.19044) 64bit Professional' Language: 'fr' Physical Memory: 32684 MB
BatchMode: 1, IsHumanControllingUs: 0, StartBugReporterOnCrash: 0, Is64bit: 1, IsPro: 1

COMMAND LINE ARGUMENTS:
C:\Program Files\Unity\Hub\Editor\2021.3.11f1\Editor\Unity.exe
-adb2
-batchMode
-noUpm
-name
AssetImportWorker4
-projectPath
C:/Users/game2/Documents/MSN2/MSN
-logFile
Logs/AssetImportWorker4.log
-srvPort
65131
Successfully changed project path to: C:/Users/game2/Documents/MSN2/MSN
C:/Users/game2/Documents/MSN2/MSN
[UnityMemory] Configuration Parameters - Can be set up in boot.config
    "memorysetup-bucket-allocator-granularity=16"
    "memorysetup-bucket-allocator-bucket-count=8"
    "memorysetup-bucket-allocator-block-size=33554432"
    "memorysetup-bucket-allocator-block-count=8"
    "memorysetup-main-allocator-block-size=16777216"
    "memorysetup-thread-allocator-block-size=16777216"
    "memorysetup-gfx-main-allocator-block-size=16777216"
    "memorysetup-gfx-thread-allocator-block-size=16777216"
    "memorysetup-cache-allocator-block-size=4194304"
    "memorysetup-typetree-allocator-block-size=2097152"
    "memorysetup-profiler-bucket-allocator-granularity=16"
    "memorysetup-profiler-bucket-allocator-bucket-count=8"
    "memorysetup-profiler-bucket-allocator-block-size=33554432"
    "memorysetup-profiler-bucket-allocator-block-count=8"
    "memorysetup-profiler-allocator-block-size=16777216"
    "memorysetup-profiler-editor-allocator-block-size=1048576"
    "memorysetup-temp-allocator-size-main=16777216"
    "memorysetup-job-temp-allocator-block-size=2097152"
    "memorysetup-job-temp-allocator-block-size-background=1048576"
    "memorysetup-job-temp-allocator-reduction-small-platforms=262144"
    "memorysetup-temp-allocator-size-background-worker=32768"
    "memorysetup-temp-allocator-size-job-worker=262144"
    "memorysetup-temp-allocator-size-preload-manager=33554432"
    "memorysetup-temp-allocator-size-nav-mesh-worker=65536"
    "memorysetup-temp-allocator-size-audio-worker=65536"
    "memorysetup-temp-allocator-size-cloud-worker=32768"
    "memorysetup-temp-allocator-size-gi-baking-worker=262144"
    "memorysetup-temp-allocator-size-gfx=262144"
Refreshing native plugins compatible for Editor in 127.88 ms, found 3 plugins.
Preloading 0 native plugins for Editor in 0.00 ms.
Initialize engine version: 2021.3.11f1 (0a5ca18544bf)
[Subsystems] Discovering subsystems at path C:/Program Files/Unity/Hub/Editor/2021.3.11f1/Editor/Data/Resources/UnitySubsystems
[Subsystems] Discovering subsystems at path C:/Users/game2/Documents/MSN2/MSN/Assets
GfxDevice: creating device client; threaded=0; jobified=0
Direct3D:
    Version:  Direct3D 11.0 [level 11.1]
    Renderer: NVIDIA Quadro M2000 (ID=0x1430)
    Vendor:   NVIDIA
    VRAM:     4044 MB
    Driver:   23.21.13.9077
Initialize mono
Mono path[0] = 'C:/Program Files/Unity/Hub/Editor/2021.3.11f1/Editor/Data/Managed'
Mono path[1] = 'C:/Program Files/Unity/Hub/Editor/2021.3.11f1/Editor/Data/MonoBleedingEdge/lib/mono/unityjit-win32'
Mono config path = 'C:/Program Files/Unity/Hub/Editor/2021.3.11f1/Editor/Data/MonoBleedingEdge/etc'
Using monoOptions --debugger-agent=transport=dt_socket,embedding=1,server=y,suspend=n,address=127.0.0.1:56564
Begin MonoManager ReloadAssembly
Registering precompiled unity dll's ...
Register platform support module: C:/Program Files/Unity/Hub/Editor/2021.3.11f1/Editor/Data/PlaybackEngines/WebGLSupport/UnityEditor.WebGL.Extensions.dll
Register platform support module: C:/Program Files/Unity/Hub/Editor/2021.3.11f1/Editor/Data/PlaybackEngines/WindowsStandaloneSupport/UnityEditor.WindowsStandalone.Extensions.dll
Registered in 0.012486 seconds.
Native extension for WindowsStandalone target not found
Native extension for WebGL target not found
Refreshing native plugins compatible for Editor in 130.49 ms, found 3 plugins.
Preloading 0 native plugins for Editor in 0.00 ms.
Mono: successfully reloaded assembly
- Completed reload, in  0.907 seconds
Domain Reload Profiling:
	ReloadAssembly (907ms)
		BeginReloadAssembly (108ms)
			ExecutionOrderSort (0ms)
			DisableScriptedObjects (0ms)
			BackupInstance (0ms)
			ReleaseScriptingObjects (0ms)
			CreateAndSetChildDomain (1ms)
		EndReloadAssembly (635ms)
			LoadAssemblies (105ms)
			RebuildTransferFunctionScriptingTraits (0ms)
			SetupTypeCache (136ms)
			ReleaseScriptCaches (0ms)
			RebuildScriptCaches (34ms)
			SetupLoadedEditorAssemblies (404ms)
				LogAssemblyErrors (0ms)
				InitializePlatformSupportModulesInManaged (11ms)
				SetLoadedEditorAssemblies (0ms)
				RefreshPlugins (131ms)
				BeforeProcessingInitializeOnLoad (2ms)
				ProcessInitializeOnLoadAttributes (199ms)
				ProcessInitializeOnLoadMethodAttributes (61ms)
				AfterProcessingInitializeOnLoad (0ms)
				EditorAssembliesLoaded (0ms)
			ExecutionOrderSort2 (0ms)
			AwakeInstancesAfterBackupRestoration (0ms)
Platform modules already initialized, skipping
Registering precompiled user dll's ...
Registered in 0.008085 seconds.
Begin MonoManager ReloadAssembly
Symbol file LoadedFromMemory doesn't match image C:\Users\game2\Documents\MSN2\MSN\Library\PackageCache\com.unity.visualscripting@1.7.8\Editor\VisualScripting.Core\Dependencies\YamlDotNet\Unity.VisualScripting.YamlDotNet.dll
Symbol file LoadedFromMemory doesn't match image C:\Users\game2\Documents\MSN2\MSN\Library\PackageCache\com.unity.visualscripting@1.7.8\Editor\VisualScripting.Core\Dependencies\DotNetZip\Unity.VisualScripting.IonicZip.dll
Native extension for WindowsStandalone target not found
Native extension for WebGL target not found
Refreshing native plugins compatible for Editor in 145.53 ms, found 3 plugins.
Preloading 0 native plugins for Editor in 0.00 ms.
Mono: successfully reloaded assembly
- Completed reload, in  1.893 seconds
Domain Reload Profiling:
	ReloadAssembly (1894ms)
		BeginReloadAssembly (154ms)
			ExecutionOrderSort (0ms)
			DisableScriptedObjects (6ms)
			BackupInstance (0ms)
			ReleaseScriptingObjects (0ms)
			CreateAndSetChildDomain (26ms)
		EndReloadAssembly (1576ms)
			LoadAssemblies (129ms)
			RebuildTransferFunctionScriptingTraits (0ms)
			SetupTypeCache (423ms)
			ReleaseScriptCaches (1ms)
			RebuildScriptCaches (94ms)
			SetupLoadedEditorAssemblies (869ms)
				LogAssemblyErrors (0ms)
				InitializePlatformSupportModulesInManaged (10ms)
				SetLoadedEditorAssemblies (0ms)
				RefreshPlugins (146ms)
				BeforeProcessingInitializeOnLoad (176ms)
				ProcessInitializeOnLoadAttributes (426ms)
				ProcessInitializeOnLoadMethodAttributes (97ms)
				AfterProcessingInitializeOnLoad (12ms)
				EditorAssembliesLoaded (0ms)
			ExecutionOrderSort2 (0ms)
			AwakeInstancesAfterBackupRestoration (7ms)
Platform modules already initialized, skipping
========================================================================
Worker process is ready to serve import requests
Launched and connected shader compiler UnityShaderCompiler.exe after 0.07 seconds
Refreshing native plugins compatible for Editor in 1.02 ms, found 3 plugins.
Preloading 0 native plugins for Editor in 0.00 ms.
Unloading 5160 Unused Serialized files (Serialized files now loaded: 0)
Unloading 45 unused Assets / (1.7 MB). Loaded Objects now: 5607.
Memory consumption went from 188.0 MB to 186.3 MB.
Total: 5.244100 ms (FindLiveObjects: 0.523500 ms CreateObjectMapping: 0.404500 ms MarkObjects: 3.880800 ms  DeleteObjects: 0.434200 ms)

AssetImportParameters requested are different than current active one (requested -> active):
  custom:video-decoder-ogg-theora: a1e56fd34408186e4bbccfd4996cb3dc -> 
  custom:container-muxer-webm: aa71ff27fc2769a1b78a27578f13a17b -> 
  custom:container-demuxer-webm: 4f35f7cbe854078d1ac9338744f61a02 -> 
  custom:video-encoder-webm-vp8: eb34c28f22e8b96e1ab97ce403110664 -> 
  custom:audio-encoder-webm-vorbis: bf7c407c2cedff20999df2af8eb42d56 -> 
  custom:framework-win-MediaFoundation: 216162199b28c13a410421893ffa2e32 -> 
  custom:container-demuxer-ogg: 62fdf1f143b41e24485cea50d1cbac27 -> 
  custom:video-decoder-webm-vp8: 9c59270c3fd7afecdb556c50c9e8de78 -> 
  custom:audio-decoder-ogg-vorbis: bf7c407c2cedff20999df2af8eb42d56 -> 
========================================================================
Received Import Request.
  Time since last request: 1237043.883077 seconds.
  path: Assets/Materials 1/NM_Crystal.png
  artifactKey: Guid(799f4003562954c48ad06606453ab793) Importer(815301076,1909f56bfc062723c751e8b465ee728b)
Start importing Assets/Materials 1/NM_Crystal.png using Guid(799f4003562954c48ad06606453ab793) Importer(815301076,1909f56bfc062723c751e8b465ee728b)  -> (artifact id: '03d023c3849f47c2bbc4aee0741c8608') in 0.075215 seconds 
========================================================================
Received Import Request.
  Time since last request: 18.666642 seconds.
  path: Assets/Materials 1/M_crystal.mat
  artifactKey: Guid(72e0385e669fb914e9e2cefb71297f96) Importer(815301076,1909f56bfc062723c751e8b465ee728b)
Start importing Assets/Materials 1/M_crystal.mat using Guid(72e0385e669fb914e9e2cefb71297f96) Importer(815301076,1909f56bfc062723c751e8b465ee728b)  -> (artifact id: '6da6c5081ca868dbaa16a1af84e28002') in 0.085705 seconds 
========================================================================
Received Import Request.
  Time since last request: 71.845741 seconds.
  path: Assets/Materials 1/d9irlz1-a068a286-98c6-4899-928e-5f0214bc02fe.jpg
  artifactKey: Guid(498015d7b2a5bbc458611be2004a5ad7) Importer(815301076,1909f56bfc062723c751e8b465ee728b)
Start importing Assets/Materials 1/d9irlz1-a068a286-98c6-4899-928e-5f0214bc02fe.jpg using Guid(498015d7b2a5bbc458611be2004a5ad7) Importer(815301076,1909f56bfc062723c751e8b465ee728b)  -> (artifact id: 'ae57a5f364de5897976862e16f839ad6') in 0.015718 seconds 
========================================================================
Received Import Request.
  Time since last request: 87.893014 seconds.
  path: Assets/Materials 1/1192b6177001832bc244353f472c27ca.jpg
  artifactKey: Guid(1de3b0fd9bd45184ab039834941bea95) Importer(815301076,1909f56bfc062723c751e8b465ee728b)
Start importing Assets/Materials 1/1192b6177001832bc244353f472c27ca.jpg using Guid(1de3b0fd9bd45184ab039834941bea95) Importer(815301076,1909f56bfc062723c751e8b465ee728b)  -> (artifact id: '1b1945910d566fe5ea133a1a05287437') in 0.013204 seconds 
========================================================================
Received Import Request.
  Time since last request: 140.095421 seconds.
  path: Assets/Materials 1/1192b6177001832bc244353f472c27ca - Copie.jpg
  artifactKey: Guid(8bf996578f62d764cbf555d96f2989a8) Importer(815301076,1909f56bfc062723c751e8b465ee728b)
Start importing Assets/Materials 1/1192b6177001832bc244353f472c27ca - Copie.jpg using Guid(8bf996578f62d764cbf555d96f2989a8) Importer(815301076,1909f56bfc062723c751e8b465ee728b)  -> (artifact id: 'fe244e9f3302eb4b26416d274f8b6e23') in 0.012551 seconds 
========================================================================
Received Import Request.
  Time since last request: 22.533430 seconds.
  path: Assets/2D/Base_Casque_03.png
  artifactKey: Guid(f5c2c0d2df2dde448a9529ccc2c30051) Importer(815301076,1909f56bfc062723c751e8b465ee728b)
Start importing Assets/2D/Base_Casque_03.png using Guid(f5c2c0d2df2dde448a9529ccc2c30051) Importer(815301076,1909f56bfc062723c751e8b465ee728b)  -> (artifact id: 'f586dec8805eccd813bf7966ec921ccc') in 0.083981 seconds 
========================================================================
Received Import Request.
  Time since last request: 0.000021 seconds.
  path: Assets/2D/Casque_J_01.png
  artifactKey: Guid(1a425458d1d2ee64a9e97cd7b5d15b32) Importer(815301076,1909f56bfc062723c751e8b465ee728b)
Start importing Assets/2D/Casque_J_01.png using Guid(1a425458d1d2ee64a9e97cd7b5d15b32) Importer(815301076,1909f56bfc062723c751e8b465ee728b)  -> (artifact id: '0075206049160a5db72b70df25416d20') in 0.158654 seconds 
========================================================================
Received Import Request.
  Time since last request: 0.000023 seconds.
  path: Assets/2D/Base_Casque_V3_00 1.png
  artifactKey: Guid(5476471b15b53444a85b7dc435cc1940) Importer(815301076,1909f56bfc062723c751e8b465ee728b)
Start importing Assets/2D/Base_Casque_V3_00 1.png using Guid(5476471b15b53444a85b7dc435cc1940) Importer(815301076,1909f56bfc062723c751e8b465ee728b)  -> (artifact id: 'fab7f6919487772e45acfb35369045f2') in 0.016205 seconds 
========================================================================
Received Import Request.
  Time since last request: 0.000036 seconds.
  path: Assets/2D/Base_Casque_V3_00.png
  artifactKey: Guid(22a465cc192953947880be2fabc77b62) Importer(815301076,1909f56bfc062723c751e8b465ee728b)
Start importing Assets/2D/Base_Casque_V3_00.png using Guid(22a465cc192953947880be2fabc77b62) Importer(815301076,1909f56bfc062723c751e8b465ee728b)  -> (artifact id: '4b417f92a3c45abb2da8b647e6341f1a') in 0.121366 seconds 
========================================================================
Received Import Request.
  Time since last request: 7.721895 seconds.
  path: Assets/Materials 1/NM_Crystal.png
  artifactKey: Guid(799f4003562954c48ad06606453ab793) Importer(815301076,1909f56bfc062723c751e8b465ee728b)
Start importing Assets/Materials 1/NM_Crystal.png using Guid(799f4003562954c48ad06606453ab793) Importer(815301076,1909f56bfc062723c751e8b465ee728b)  -> (artifact id: 'f011c4effbd81efe694b9d5b3782ea18') in 0.018577 seconds 
========================================================================
Received Import Request.
  Time since last request: 342.275054 seconds.
  path: Assets/Materials 1/M_crystal 1.mat
  artifactKey: Guid(d32ade67a79653d4fbc6605f6c05aa6d) Importer(815301076,1909f56bfc062723c751e8b465ee728b)
Start importing Assets/Materials 1/M_crystal 1.mat using Guid(d32ade67a79653d4fbc6605f6c05aa6d) Importer(815301076,1909f56bfc062723c751e8b465ee728b)  -> (artifact id: '1a94525674406eba9e50e58688af9018') in 0.302028 seconds 
========================================================================
Received Import Request.
  Time since last request: 31.405220 seconds.
  path: Assets/Materials 1/M_crystal 1.mat
  artifactKey: Guid(d32ade67a79653d4fbc6605f6c05aa6d) Importer(815301076,1909f56bfc062723c751e8b465ee728b)
Start importing Assets/Materials 1/M_crystal 1.mat using Guid(d32ade67a79653d4fbc6605f6c05aa6d) Importer(815301076,1909f56bfc062723c751e8b465ee728b)  -> (artifact id: 'fa57fdc3bdfee1f89b3f10a7cb933595') in 0.017691 seconds 
========================================================================
Received Import Request.
  Time since last request: 27.255897 seconds.
  path: Assets/Materials 1/M_crystal 2.mat
  artifactKey: Guid(7350af48406a92c4cb44f23adcfbaf5d) Importer(815301076,1909f56bfc062723c751e8b465ee728b)
Start importing Assets/Materials 1/M_crystal 2.mat using Guid(7350af48406a92c4cb44f23adcfbaf5d) Importer(815301076,1909f56bfc062723c751e8b465ee728b)  -> (artifact id: '00dc206d87c18a101462b38a2f574a4d') in 0.014845 seconds 
========================================================================
Received Import Request.
  Time since last request: 191.888191 seconds.
  path: Assets/Materials 1/M_crystal 3.mat
  artifactKey: Guid(740411da9a18ca74a86f4ee1c619fa29) Importer(815301076,1909f56bfc062723c751e8b465ee728b)
Start importing Assets/Materials 1/M_crystal 3.mat using Guid(740411da9a18ca74a86f4ee1c619fa29) Importer(815301076,1909f56bfc062723c751e8b465ee728b)  -> (artifact id: 'a2c48b500855a3c24ae675c0c7483604') in 0.023014 seconds 
