Using pre-set license
Built from '2021.3/staging' branch; Version is '2021.3.13f1 (9e7d58001ecf) revision 10386776'; Using compiler version '192829333'; Build Type 'Release'
OS: 'Windows 10  (10.0.19044) 64bit Professional' Language: 'fr' Physical Memory: 32487 MB
BatchMode: 1, IsHumanControllingUs: 0, StartBugReporterOnCrash: 0, Is64bit: 1, IsPro: 1

COMMAND LINE ARGUMENTS:
C:\Program Files\Unity\Hub\Editor\2021.3.13f1\Editor\Unity.exe
-adb2
-batchMode
-noUpm
-name
AssetImportWorker1
-projectPath
C:/Users/game2/Documents/MSN2/MSN
-logFile
Logs/AssetImportWorker1.log
-srvPort
52014
Successfully changed project path to: C:/Users/game2/Documents/MSN2/MSN
C:/Users/game2/Documents/MSN2/MSN
[UnityMemory] Configuration Parameters - Can be set up in boot.config
    "memorysetup-bucket-allocator-granularity=16"
    "memorysetup-bucket-allocator-bucket-count=8"
    "memorysetup-bucket-allocator-block-size=33554432"
    "memorysetup-bucket-allocator-block-count=8"
    "memorysetup-main-allocator-block-size=16777216"
    "memorysetup-thread-allocator-block-size=16777216"
    "memorysetup-gfx-main-allocator-block-size=16777216"
    "memorysetup-gfx-thread-allocator-block-size=16777216"
    "memorysetup-cache-allocator-block-size=4194304"
    "memorysetup-typetree-allocator-block-size=2097152"
    "memorysetup-profiler-bucket-allocator-granularity=16"
    "memorysetup-profiler-bucket-allocator-bucket-count=8"
    "memorysetup-profiler-bucket-allocator-block-size=33554432"
    "memorysetup-profiler-bucket-allocator-block-count=8"
    "memorysetup-profiler-allocator-block-size=16777216"
    "memorysetup-profiler-editor-allocator-block-size=1048576"
    "memorysetup-temp-allocator-size-main=16777216"
    "memorysetup-job-temp-allocator-block-size=2097152"
    "memorysetup-job-temp-allocator-block-size-background=1048576"
    "memorysetup-job-temp-allocator-reduction-small-platforms=262144"
    "memorysetup-temp-allocator-size-background-worker=32768"
    "memorysetup-temp-allocator-size-job-worker=262144"
    "memorysetup-temp-allocator-size-preload-manager=33554432"
    "memorysetup-temp-allocator-size-nav-mesh-worker=65536"
    "memorysetup-temp-allocator-size-audio-worker=65536"
    "memorysetup-temp-allocator-size-cloud-worker=32768"
    "memorysetup-temp-allocator-size-gi-baking-worker=262144"
    "memorysetup-temp-allocator-size-gfx=262144"
Refreshing native plugins compatible for Editor in 136.13 ms, found 3 plugins.
Preloading 0 native plugins for Editor in 0.00 ms.
Initialize engine version: 2021.3.13f1 (9e7d58001ecf)
[Subsystems] Discovering subsystems at path C:/Program Files/Unity/Hub/Editor/2021.3.13f1/Editor/Data/Resources/UnitySubsystems
[Subsystems] Discovering subsystems at path C:/Users/game2/Documents/MSN2/MSN/Assets
GfxDevice: creating device client; threaded=0; jobified=0
Direct3D:
    Version:  Direct3D 11.0 [level 11.1]
    Renderer: NVIDIA GeForce GTX 1070 (ID=0x1b81)
    Vendor:   NVIDIA
    VRAM:     8088 MB
    Driver:   30.0.15.1295
Initialize mono
Mono path[0] = 'C:/Program Files/Unity/Hub/Editor/2021.3.13f1/Editor/Data/Managed'
Mono path[1] = 'C:/Program Files/Unity/Hub/Editor/2021.3.13f1/Editor/Data/MonoBleedingEdge/lib/mono/unityjit-win32'
Mono config path = 'C:/Program Files/Unity/Hub/Editor/2021.3.13f1/Editor/Data/MonoBleedingEdge/etc'
Using monoOptions --debugger-agent=transport=dt_socket,embedding=1,server=y,suspend=n,address=127.0.0.1:56760
Begin MonoManager ReloadAssembly
Registering precompiled unity dll's ...
Register platform support module: C:/Program Files/Unity/Hub/Editor/2021.3.13f1/Editor/Data/PlaybackEngines/WindowsStandaloneSupport/UnityEditor.WindowsStandalone.Extensions.dll
Registered in 0.005958 seconds.
Native extension for WindowsStandalone target not found
Refreshing native plugins compatible for Editor in 125.17 ms, found 3 plugins.
Preloading 0 native plugins for Editor in 0.00 ms.
Mono: successfully reloaded assembly
- Completed reload, in  0.797 seconds
Domain Reload Profiling:
	ReloadAssembly (798ms)
		BeginReloadAssembly (76ms)
			ExecutionOrderSort (0ms)
			DisableScriptedObjects (0ms)
			BackupInstance (0ms)
			ReleaseScriptingObjects (0ms)
			CreateAndSetChildDomain (1ms)
		EndReloadAssembly (576ms)
			LoadAssemblies (74ms)
			RebuildTransferFunctionScriptingTraits (0ms)
			SetupTypeCache (109ms)
			ReleaseScriptCaches (0ms)
			RebuildScriptCaches (35ms)
			SetupLoadedEditorAssemblies (379ms)
				LogAssemblyErrors (0ms)
				InitializePlatformSupportModulesInManaged (7ms)
				SetLoadedEditorAssemblies (0ms)
				RefreshPlugins (125ms)
				BeforeProcessingInitializeOnLoad (1ms)
				ProcessInitializeOnLoadAttributes (174ms)
				ProcessInitializeOnLoadMethodAttributes (71ms)
				AfterProcessingInitializeOnLoad (0ms)
				EditorAssembliesLoaded (0ms)
			ExecutionOrderSort2 (0ms)
			AwakeInstancesAfterBackupRestoration (0ms)
Platform modules already initialized, skipping
Registering precompiled user dll's ...
Registered in 0.005842 seconds.
Begin MonoManager ReloadAssembly
Symbol file LoadedFromMemory doesn't match image C:\Users\game2\Documents\MSN2\MSN\Library\PackageCache\com.unity.visualscripting@1.7.8\Editor\VisualScripting.Core\Dependencies\YamlDotNet\Unity.VisualScripting.YamlDotNet.dll
Symbol file LoadedFromMemory doesn't match image C:\Users\game2\Documents\MSN2\MSN\Library\PackageCache\com.unity.visualscripting@1.7.8\Editor\VisualScripting.Core\Dependencies\DotNetZip\Unity.VisualScripting.IonicZip.dll
Native extension for WindowsStandalone target not found
Refreshing native plugins compatible for Editor in 135.62 ms, found 3 plugins.
Preloading 0 native plugins for Editor in 0.00 ms.
Mono: successfully reloaded assembly
- Completed reload, in  1.909 seconds
Domain Reload Profiling:
	ReloadAssembly (1910ms)
		BeginReloadAssembly (172ms)
			ExecutionOrderSort (0ms)
			DisableScriptedObjects (9ms)
			BackupInstance (0ms)
			ReleaseScriptingObjects (0ms)
			CreateAndSetChildDomain (46ms)
		EndReloadAssembly (1546ms)
			LoadAssemblies (134ms)
			RebuildTransferFunctionScriptingTraits (0ms)
			SetupTypeCache (404ms)
			ReleaseScriptCaches (1ms)
			RebuildScriptCaches (104ms)
			SetupLoadedEditorAssemblies (833ms)
				LogAssemblyErrors (0ms)
				InitializePlatformSupportModulesInManaged (8ms)
				SetLoadedEditorAssemblies (0ms)
				RefreshPlugins (136ms)
				BeforeProcessingInitializeOnLoad (181ms)
				ProcessInitializeOnLoadAttributes (418ms)
				ProcessInitializeOnLoadMethodAttributes (84ms)
				AfterProcessingInitializeOnLoad (6ms)
				EditorAssembliesLoaded (0ms)
			ExecutionOrderSort2 (0ms)
			AwakeInstancesAfterBackupRestoration (7ms)
Platform modules already initialized, skipping
========================================================================
Worker process is ready to serve import requests
Launched and connected shader compiler UnityShaderCompiler.exe after 0.07 seconds
Refreshing native plugins compatible for Editor in 1.02 ms, found 3 plugins.
Preloading 0 native plugins for Editor in 0.00 ms.
Unloading 5169 Unused Serialized files (Serialized files now loaded: 0)
Unloading 45 unused Assets / (1.6 MB). Loaded Objects now: 5616.
Memory consumption went from 188.2 MB to 186.6 MB.
Total: 5.404900 ms (FindLiveObjects: 0.604000 ms CreateObjectMapping: 0.667200 ms MarkObjects: 3.711300 ms  DeleteObjects: 0.421000 ms)

AssetImportParameters requested are different than current active one (requested -> active):
  custom:video-decoder-ogg-theora: a1e56fd34408186e4bbccfd4996cb3dc -> 
  custom:container-muxer-webm: aa71ff27fc2769a1b78a27578f13a17b -> 
  custom:container-demuxer-webm: 4f35f7cbe854078d1ac9338744f61a02 -> 
  custom:video-encoder-webm-vp8: eb34c28f22e8b96e1ab97ce403110664 -> 
  custom:audio-encoder-webm-vorbis: bf7c407c2cedff20999df2af8eb42d56 -> 
  custom:framework-win-MediaFoundation: 216162199b28c13a410421893ffa2e32 -> 
  custom:container-demuxer-ogg: 62fdf1f143b41e24485cea50d1cbac27 -> 
  custom:video-decoder-webm-vp8: 9c59270c3fd7afecdb556c50c9e8de78 -> 
  custom:audio-decoder-ogg-vorbis: bf7c407c2cedff20999df2af8eb42d56 -> 
========================================================================
Received Import Request.
  Time since last request: 11484.311770 seconds.
  path: Assets/MSN.inputactions
  artifactKey: Guid(a46c6957ee24e424fa32a5fded4c58c3) Importer(815301076,1909f56bfc062723c751e8b465ee728b)
Start importing Assets/MSN.inputactions using Guid(a46c6957ee24e424fa32a5fded4c58c3) Importer(815301076,1909f56bfc062723c751e8b465ee728b)  -> (artifact id: '02692a9ec8551c58be5149dcd6b5d6ed') in 0.044506 seconds 
========================================================================
Received Import Request.
  Time since last request: 49.180736 seconds.
  path: Assets/3D/Algues_1.fbx
  artifactKey: Guid(32e38f943ffc022449c67c636bdee0c9) Importer(815301076,1909f56bfc062723c751e8b465ee728b)
Start importing Assets/3D/Algues_1.fbx using Guid(32e38f943ffc022449c67c636bdee0c9) Importer(815301076,1909f56bfc062723c751e8b465ee728b)  -> (artifact id: '1cae658ad2abce12467f700b592e09d1') in 0.165992 seconds 
========================================================================
Received Import Request.
  Time since last request: 0.000047 seconds.
  path: Assets/3D/Bacterie_2.fbx
  artifactKey: Guid(ba760e64d3084dd49817359035c14cc0) Importer(815301076,1909f56bfc062723c751e8b465ee728b)
Start importing Assets/3D/Bacterie_2.fbx using Guid(ba760e64d3084dd49817359035c14cc0) Importer(815301076,1909f56bfc062723c751e8b465ee728b)  -> (artifact id: 'c0d30514ee7dc6db41b94b61cf45e234') in 0.015771 seconds 
========================================================================
Received Import Request.
  Time since last request: 0.000041 seconds.
  path: Assets/3D/Squelette_geant_2.fbx
  artifactKey: Guid(aedf8911cd4d3cf4191a7076430de3d9) Importer(815301076,1909f56bfc062723c751e8b465ee728b)
Start importing Assets/3D/Squelette_geant_2.fbx using Guid(aedf8911cd4d3cf4191a7076430de3d9) Importer(815301076,1909f56bfc062723c751e8b465ee728b)  -> (artifact id: 'd19aed501b54474d57f7d879f579ce80') in 0.016037 seconds 
========================================================================
Received Import Request.
  Time since last request: 0.000047 seconds.
  path: Assets/3D/Algues_6.fbx
  artifactKey: Guid(0e10f7952dcde5a4493421254f063207) Importer(815301076,1909f56bfc062723c751e8b465ee728b)
Start importing Assets/3D/Algues_6.fbx using Guid(0e10f7952dcde5a4493421254f063207) Importer(815301076,1909f56bfc062723c751e8b465ee728b)  -> (artifact id: 'cf7062449bddd0fd11c70e99c1ca6803') in 0.013999 seconds 
========================================================================
Received Import Request.
  Time since last request: 0.000024 seconds.
  path: Assets/3D/map_v1 (1).fbx
  artifactKey: Guid(4b2c2713ee4d7274d8f212910fc9c63f) Importer(815301076,1909f56bfc062723c751e8b465ee728b)
Start importing Assets/3D/map_v1 (1).fbx using Guid(4b2c2713ee4d7274d8f212910fc9c63f) Importer(815301076,1909f56bfc062723c751e8b465ee728b)  -> (artifact id: '5f7d0c639fb9bee594fad6502ef45e70') in 0.044865 seconds 
========================================================================
Received Import Request.
  Time since last request: 0.000032 seconds.
  path: Assets/3D/bacteriaFinalV9.fbx
  artifactKey: Guid(d4cddaba5ebd9d140b1e8ccd2978d4c6) Importer(815301076,1909f56bfc062723c751e8b465ee728b)
Start importing Assets/3D/bacteriaFinalV9.fbx using Guid(d4cddaba5ebd9d140b1e8ccd2978d4c6) Importer(815301076,1909f56bfc062723c751e8b465ee728b)  -> (artifact id: '53ca8ae4360a145673911aeac9175aaf') in 0.016388 seconds 
========================================================================
Received Import Request.
  Time since last request: 0.000036 seconds.
  path: Assets/3D/map_projet_exploration.fbx
  artifactKey: Guid(d64cf0621fa19434db5588cfbab7432f) Importer(815301076,1909f56bfc062723c751e8b465ee728b)
Start importing Assets/3D/map_projet_exploration.fbx using Guid(d64cf0621fa19434db5588cfbab7432f) Importer(815301076,1909f56bfc062723c751e8b465ee728b)  -> (artifact id: '41e70ed113e7d0ef040e6adab978972a') in 0.016497 seconds 
========================================================================
Received Import Request.
  Time since last request: 0.000024 seconds.
  path: Assets/3D/Map_Ruine.fbx
  artifactKey: Guid(7a3df5dfca5d9a84991da29800135eda) Importer(815301076,1909f56bfc062723c751e8b465ee728b)
Start importing Assets/3D/Map_Ruine.fbx using Guid(7a3df5dfca5d9a84991da29800135eda) Importer(815301076,1909f56bfc062723c751e8b465ee728b)  -> (artifact id: 'bd060b905062fd368d3471f1781117fa') in 0.169366 seconds 
========================================================================
Received Import Request.
  Time since last request: 0.000034 seconds.
  path: Assets/3D/cristal_1.fbx
  artifactKey: Guid(8a4e9c435cbfb834aabe855348e0a68a) Importer(815301076,1909f56bfc062723c751e8b465ee728b)
Start importing Assets/3D/cristal_1.fbx using Guid(8a4e9c435cbfb834aabe855348e0a68a) Importer(815301076,1909f56bfc062723c751e8b465ee728b)  -> (artifact id: '4f2de51485e45acfcbd6e3d0f1428547') in 0.014934 seconds 
========================================================================
Received Import Request.
  Time since last request: 0.000050 seconds.
  path: Assets/3D/Squelette_geant_1.fbx
  artifactKey: Guid(f0976ba4526d7d44ca18c741cf45cfd0) Importer(815301076,1909f56bfc062723c751e8b465ee728b)
Start importing Assets/3D/Squelette_geant_1.fbx using Guid(f0976ba4526d7d44ca18c741cf45cfd0) Importer(815301076,1909f56bfc062723c751e8b465ee728b)  -> (artifact id: '99d1324672f71baf21e69b7270d78a58') in 0.015522 seconds 
========================================================================
Received Import Request.
  Time since last request: 0.000037 seconds.
  path: Assets/3D/Tablette_HD.fbx
  artifactKey: Guid(a4dc5a108cc4d4540b74731ecce831f5) Importer(815301076,1909f56bfc062723c751e8b465ee728b)
Start importing Assets/3D/Tablette_HD.fbx using Guid(a4dc5a108cc4d4540b74731ecce831f5) Importer(815301076,1909f56bfc062723c751e8b465ee728b)  -> (artifact id: 'df4a1995c723c07256280428fd6fd052') in 0.013031 seconds 
========================================================================
Received Import Request.
  Time since last request: 0.000028 seconds.
  path: Assets/3D/Algues_3.fbx
  artifactKey: Guid(6082479aa7621d840b7b2c695a4ac76f) Importer(815301076,1909f56bfc062723c751e8b465ee728b)
Start importing Assets/3D/Algues_3.fbx using Guid(6082479aa7621d840b7b2c695a4ac76f) Importer(815301076,1909f56bfc062723c751e8b465ee728b)  -> (artifact id: '9b0ef123b86fa2bbfcc40c68e1ae4331') in 0.014916 seconds 
========================================================================
Received Prepare
Registering precompiled user dll's ...
Registered in 0.005778 seconds.
Begin MonoManager ReloadAssembly
Symbol file LoadedFromMemory doesn't match image C:\Users\game2\Documents\MSN2\MSN\Library\PackageCache\com.unity.visualscripting@1.7.8\Editor\VisualScripting.Core\Dependencies\YamlDotNet\Unity.VisualScripting.YamlDotNet.dll
Symbol file LoadedFromMemory doesn't match image C:\Users\game2\Documents\MSN2\MSN\Library\PackageCache\com.unity.visualscripting@1.7.8\Editor\VisualScripting.Core\Dependencies\DotNetZip\Unity.VisualScripting.IonicZip.dll
Native extension for WindowsStandalone target not found
Refreshing native plugins compatible for Editor in 1.74 ms, found 3 plugins.
Preloading 0 native plugins for Editor in 0.00 ms.
Mono: successfully reloaded assembly
- Completed reload, in  1.534 seconds
Domain Reload Profiling:
	ReloadAssembly (1534ms)
		BeginReloadAssembly (189ms)
			ExecutionOrderSort (0ms)
			DisableScriptedObjects (6ms)
			BackupInstance (0ms)
			ReleaseScriptingObjects (0ms)
			CreateAndSetChildDomain (61ms)
		EndReloadAssembly (1218ms)
			LoadAssemblies (115ms)
			RebuildTransferFunctionScriptingTraits (0ms)
			SetupTypeCache (371ms)
			ReleaseScriptCaches (2ms)
			RebuildScriptCaches (58ms)
			SetupLoadedEditorAssemblies (638ms)
				LogAssemblyErrors (0ms)
				InitializePlatformSupportModulesInManaged (14ms)
				SetLoadedEditorAssemblies (1ms)
				RefreshPlugins (2ms)
				BeforeProcessingInitializeOnLoad (122ms)
				ProcessInitializeOnLoadAttributes (395ms)
				ProcessInitializeOnLoadMethodAttributes (94ms)
				AfterProcessingInitializeOnLoad (9ms)
				EditorAssembliesLoaded (0ms)
			ExecutionOrderSort2 (0ms)
			AwakeInstancesAfterBackupRestoration (8ms)
Platform modules already initialized, skipping
Refreshing native plugins compatible for Editor in 4.65 ms, found 3 plugins.
Preloading 0 native plugins for Editor in 0.00 ms.
Unloading 5108 Unused Serialized files (Serialized files now loaded: 0)
Unloading 36 unused Assets / (1.6 MB). Loaded Objects now: 5631.
Memory consumption went from 190.4 MB to 188.8 MB.
Total: 6.040700 ms (FindLiveObjects: 0.488700 ms CreateObjectMapping: 0.366100 ms MarkObjects: 4.731900 ms  DeleteObjects: 0.453100 ms)

AssetImportParameters requested are different than current active one (requested -> active):
  custom:video-decoder-ogg-theora: a1e56fd34408186e4bbccfd4996cb3dc -> 
  custom:container-muxer-webm: aa71ff27fc2769a1b78a27578f13a17b -> 
  custom:container-demuxer-webm: 4f35f7cbe854078d1ac9338744f61a02 -> 
  custom:video-encoder-webm-vp8: eb34c28f22e8b96e1ab97ce403110664 -> 
  custom:audio-encoder-webm-vorbis: bf7c407c2cedff20999df2af8eb42d56 -> 
  custom:framework-win-MediaFoundation: 216162199b28c13a410421893ffa2e32 -> 
  custom:container-demuxer-ogg: 62fdf1f143b41e24485cea50d1cbac27 -> 
  custom:video-decoder-webm-vp8: 9c59270c3fd7afecdb556c50c9e8de78 -> 
  custom:audio-decoder-ogg-vorbis: bf7c407c2cedff20999df2af8eb42d56 -> 
Editor requested this worker to shutdown with reason: Scaling down because of idle timeout
AssetImportWorker is now disconnected from the server
Process exiting
Exiting without the bug reporter. Application will terminate with return code 0